<?xml version="1.0" encoding="utf-8"?><testsuites name="pytest tests"><testsuite name="pytest" errors="0" failures="0" skipped="0" tests="11" time="1.548" timestamp="2026-06-26T12:12:23.254836+00:00" hostname="agent-env-0ce4b6f7-2a00-4aaa-b563-d3f2ac4cb81b"><testcase classname="tests.test_matches" name="test_root" time="0.313" /><testcase classname="tests.test_matches" name="test_list_matches_empty" time="0.082" /><testcase classname="tests.test_matches" name="test_create_match_pvp_x_wins" time="0.073" /><testcase classname="tests.test_matches" name="test_create_match_easy_o_wins" time="0.044" /><testcase classname="tests.test_matches" name="test_create_match_hard_draw" time="0.044" /><testcase classname="tests.test_matches" name="test_create_match_invalid_mode" time="0.052" /><testcase classname="tests.test_matches" name="test_create_match_invalid_winner" time="0.081" /><testcase classname="tests.test_matches" name="test_create_match_missing_fields" time="0.041" /><testcase classname="tests.test_matches" name="test_list_matches_after_inserts" time="0.043" /><testcase classname="tests.test_matches" name="test_list_matches_limit" time="0.041" /><testcase classname="tests.test_matches" name="test_delete_clears_all_matches" time="0.171" /></testsuite></testsuites>